# JRE version: Java(TM) SE Runtime Environment (17.0.11+7) (build 17.0.11+7-LTS-207)
# Java VM: Java HotSpot(TM) 64-Bit Server VM (17.0.11+7-LTS-207, mixed mode, sharing, tiered, compressed oops, compressed class ptrs, g1 gc, windows-amd64)
GC Precious Log:
 CPUs: 4 total, 4 available
 Memory: 3783M
 Large Page Support: Disabled
 NUMA Support: Disabled
 Compressed Oops: Enabled (32-bit)
 Heap Region Size: 1M
 Heap Min Capacity: 8M
 Heap Initial Capacity: 60M
 Heap Max Capacity: 946M
 Pre-touch: Disabled
 Parallel Workers: 4
 Concurrent Workers: 1
 Concurrent Refinement Workers: 4
 Periodic GC: Disabled
Heap:
 garbage-first heap   total 58368K, used 40012K [0x00000000c4e00000, 0x0000000100000000)
  region size 1024K, 15 young (15360K), 2 survivors (2048K)
 Metaspace       used 64665K, committed 65152K, reserved 1114112K
  class space    used 8467K, committed 8640K, reserved 1048576K
GC Heap History (20 events):
Event: 3970.558 GC heap before
{Heap before GC invocations=26 (full 1):
 garbage-first heap   total 58368K, used 45381K [0x00000000c4e00000, 0x0000000100000000)
  region size 1024K, 22 young (22528K), 3 survivors (3072K)
 Metaspace       used 63612K, committed 64064K, reserved 1114112K
  class space    used 8433K, committed 8640K, reserved 1048576K
}
Event: 3970.568 GC heap after
{Heap after GC invocations=27 (full 1):
 garbage-first heap   total 58368K, used 28578K [0x00000000c4e00000, 0x0000000100000000)
  region size 1024K, 3 young (3072K), 3 survivors (3072K)
 Metaspace       used 63612K, committed 64064K, reserved 1114112K
  class space    used 8433K, committed 8640K, reserved 1048576K
}
Event: 4034.271 GC heap before
{Heap before GC invocations=27 (full 1):
 garbage-first heap   total 58368K, used 30626K [0x00000000c4e00000, 0x0000000100000000)
  region size 1024K, 6 young (6144K), 3 survivors (3072K)
 Metaspace       used 63647K, committed 64128K, reserved 1114112K
  class space    used 8438K, committed 8640K, reserved 1048576K
}
Event: 4035.044 GC heap after
{Heap after GC invocations=28 (full 2):
 garbage-first heap   total 58368K, used 22781K [0x00000000c4e00000, 0x0000000100000000)
  region size 1024K, 0 young (0K), 0 survivors (0K)
 Metaspace       used 63644K, committed 64128K, reserved 1114112K
  class space    used 8437K, committed 8640K, reserved 1048576K
}
Event: 4036.080 GC heap before
{Heap before GC invocations=28 (full 2):
 garbage-first heap   total 58368K, used 44285K [0x00000000c4e00000, 0x0000000100000000)
  region size 1024K, 21 young (21504K), 0 survivors (0K)
 Metaspace       used 63810K, committed 64256K, reserved 1114112K
  class space    used 8444K, committed 8640K, reserved 1048576K
}
Event: 4036.089 GC heap after
{Heap after GC invocations=29 (full 2):
 garbage-first heap   total 58368K, used 24829K [0x00000000c4e00000, 0x0000000100000000)
  region size 1024K, 2 young (2048K), 2 survivors (2048K)
 Metaspace       used 63810K, committed 64256K, reserved 1114112K
  class space    used 8444K, committed 8640K, reserved 1048576K
}
Event: 4037.059 GC heap before
{Heap before GC invocations=29 (full 2):
 garbage-first heap   total 58368K, used 44285K [0x00000000c4e00000, 0x0000000100000000)
  region size 1024K, 21 young (21504K), 2 survivors (2048K)
 Metaspace       used 64099K, committed 64512K, reserved 1114112K
  class space    used 8456K, committed 8640K, reserved 1048576K
}
Event: 4037.063 GC heap after
{Heap after GC invocations=30 (full 2):
 garbage-first heap   total 58368K, used 26593K [0x00000000c4e00000, 0x0000000100000000)
  region size 1024K, 2 young (2048K), 2 survivors (2048K)
 Metaspace       used 64099K, committed 64512K, reserved 1114112K
  class space    used 8456K, committed 8640K, reserved 1048576K
}
Event: 4038.231 GC heap before
{Heap before GC invocations=30 (full 2):
 garbage-first heap   total 58368K, used 44001K [0x00000000c4e00000, 0x0000000100000000)
  region size 1024K, 19 young (19456K), 2 survivors (2048K)
 Metaspace       used 64194K, committed 64640K, reserved 1114112K
  class space    used 8460K, committed 8640K, reserved 1048576K
}
Event: 4038.240 GC heap after
{Heap after GC invocations=31 (full 2):
 garbage-first heap   total 58368K, used 27796K [0x00000000c4e00000, 0x0000000100000000)
  region size 1024K, 2 young (2048K), 2 survivors (2048K)
 Metaspace       used 64194K, committed 64640K, reserved 1114112K
  class space    used 8460K, committed 8640K, reserved 1048576K
}
Event: 4040.392 GC heap before
{Heap before GC invocations=32 (full 2):
 garbage-first heap   total 58368K, used 32916K [0x00000000c4e00000, 0x0000000100000000)
  region size 1024K, 8 young (8192K), 2 survivors (2048K)
 Metaspace       used 64182K, committed 64640K, reserved 1114112K
  class space    used 8452K, committed 8640K, reserved 1048576K
}
Event: 4040.442 GC heap after
{Heap after GC invocations=33 (full 3):
 garbage-first heap   total 58368K, used 22607K [0x00000000c4e00000, 0x0000000100000000)
  region size 1024K, 0 young (0K), 0 survivors (0K)
 Metaspace       used 64179K, committed 64640K, reserved 1114112K
  class space    used 8451K, committed 8640K, reserved 1048576K
}
Event: 4041.335 GC heap before
{Heap before GC invocations=33 (full 3):
 garbage-first heap   total 58368K, used 43087K [0x00000000c4e00000, 0x0000000100000000)
  region size 1024K, 21 young (21504K), 0 survivors (0K)
 Metaspace       used 64294K, committed 64704K, reserved 1114112K
  class space    used 8458K, committed 8640K, reserved 1048576K
}
Event: 4041.337 GC heap after
{Heap after GC invocations=34 (full 3):
 garbage-first heap   total 58368K, used 24606K [0x00000000c4e00000, 0x0000000100000000)
  region size 1024K, 2 young (2048K), 2 survivors (2048K)
 Metaspace       used 64294K, committed 64704K, reserved 1114112K
  class space    used 8458K, committed 8640K, reserved 1048576K
}
Event: 4043.305 GC heap before
{Heap before GC invocations=34 (full 3):
 garbage-first heap   total 58368K, used 44062K [0x00000000c4e00000, 0x0000000100000000)
  region size 1024K, 21 young (21504K), 2 survivors (2048K)
 Metaspace       used 64503K, committed 64960K, reserved 1114112K
  class space    used 8464K, committed 8640K, reserved 1048576K
}
Event: 4043.310 GC heap after
{Heap after GC invocations=35 (full 3):
 garbage-first heap   total 58368K, used 26157K [0x00000000c4e00000, 0x0000000100000000)
  region size 1024K, 2 young (2048K), 2 survivors (2048K)
 Metaspace       used 64503K, committed 64960K, reserved 1114112K
  class space    used 8464K, committed 8640K, reserved 1048576K
}
Event: 4044.018 GC heap before
{Heap before GC invocations=35 (full 3):
 garbage-first heap   total 58368K, used 44589K [0x00000000c4e00000, 0x0000000100000000)
  region size 1024K, 20 young (20480K), 2 survivors (2048K)
 Metaspace       used 64586K, committed 65024K, reserved 1114112K
  class space    used 8467K, committed 8640K, reserved 1048576K
}
Event: 4044.026 GC heap after
{Heap after GC invocations=36 (full 3):
 garbage-first heap   total 58368K, used 27480K [0x00000000c4e00000, 0x0000000100000000)
  region size 1024K, 2 young (2048K), 2 survivors (2048K)
 Metaspace       used 64586K, committed 65024K, reserved 1114112K
  class space    used 8467K, committed 8640K, reserved 1048576K
}
Event: 5574.170 GC heap before
{Heap before GC invocations=37 (full 3):
 garbage-first heap   total 58368K, used 43864K [0x00000000c4e00000, 0x0000000100000000)
  region size 1024K, 19 young (19456K), 2 survivors (2048K)
 Metaspace       used 64621K, committed 65024K, reserved 1114112K
  class space    used 8467K, committed 8640K, reserved 1048576K
}
Event: 5574.312 GC heap after
{Heap after GC invocations=38 (full 3):
 garbage-first heap   total 58368K, used 27724K [0x00000000c4e00000, 0x0000000100000000)
  region size 1024K, 2 young (2048K), 2 survivors (2048K)
 Metaspace       used 64621K, committed 65024K, reserved 1114112K
  class space    used 8467K, committed 8640K, reserved 1048576K
}

